app/proguard-rules.pro
# Add project specific ProGuard rules here.
# By default, the flags in this file are appended to flags specified
# in /home/zhuge/developer/android-sdk-linux/tools/proguard/proguard-android.txt
# You can edit the include path and order by changing the proguardFiles
# directive in build.gradle.
#
# For more details, see
#   http://developer.android.com/guide/developing/tools/proguard.html

# Add any project specific keep options here:

# If your project uses WebView with JS, uncomment the following
# and specify the fully qualified class name to the JavaScript interface
# class:
#-keepclassmembers class fqcn.of.javascript.interface.for.webview {
#   public *;
#}

-dontwarn org.apache.**
-optimizations !code/simplification/arithmetic,!code/simplification/cast,!field/*,!class/merging/*
-optimizationpasses 5
-allowaccessmodification
-dontpreverify
-dontnote **
-dontwarn **
-dontoptimize

# The remainder of this file is identical to the non-optimized version
# of the Proguard configuration file (except that the other file has
# flags to turn off optimization).

-dontusemixedcaseclassnames
-dontskipnonpubliclibraryclasses
-verbose
-ignorewarnings

-keepattributes EnclosingMethod
-keepattributes Exceptions,Signature,Deprecated,SourceFile,LineNumberTable,*Annotation*


# For native methods, see http://proguard.sourceforge.net/manual/examples.html#native
-keepclasseswithmembernames class * {
    native <methods>;
}

# For enumeration classes, see http://proguard.sourceforge.net/manual/examples.html#enumerations
-keepclassmembers enum * {
    public static **[] values();
    public static ** valueOf(java.lang.String);
}

-keepclassmembers class * implements android.os.Parcelable {
  public static final android.os.Parcelable$Creator CREATOR;
}

#保持 Serializable 不被混淆
-keepnames class * implements java.io.Serializable


-keepclassmembers class **.R$* {
    public static <fields>;
}


-keepclassmembers class fqcn.of.javascript.interface.for.webview {
   public *;
}

-keep class * extends java.lang.annotation.Annotation { *; }


#gson
-keep class sun.misc.Unsafe { *; }
-keep class com.google.gson.examples.Android.model.** { *; }

-dontwarn com.google.**
-keep class com.google.protobuf.** {*;}


-keep public class **.R$*{
   public static final int *;
}


#hotfix
-keep class * extends java.lang.annotation.Annotation

-keep class com.alipay.euler.andfix.**{
    *;
}
-keep class com.taobao.hotfix.aidl.**{*;}
-keep class com.ta.utdid2.device.**{*;}
-keep class com.taobao.hotfix.HotFixManager{
    public *;
}
-dontwarn com.alipay.**

#glide
-keep public class * implements com.bumptech.glide.module.GlideModule
-keep public enum com.bumptech.glide.load.resource.bitmap.ImageHeaderParser$** {
   **[] $VALUES;
   public *;
}

#友盟
-keepclassmembers class * {
   public <init> (org.json.JSONObject);
}