app/build/outputs/mapping/debug/seeds.txt
com.sleep.App
com.sleep.App: App()
com.sleep.R$anim
com.sleep.R$anim: int abc_fade_in
com.sleep.R$anim: int abc_fade_out
com.sleep.R$anim: int abc_grow_fade_in_from_bottom
com.sleep.R$anim: int abc_popup_enter
com.sleep.R$anim: int abc_popup_exit
com.sleep.R$anim: int abc_shrink_fade_out_from_bottom
com.sleep.R$anim: int abc_slide_in_bottom
com.sleep.R$anim: int abc_slide_in_top
com.sleep.R$anim: int abc_slide_out_bottom
com.sleep.R$anim: int abc_slide_out_top
com.sleep.R$anim: int design_bottom_sheet_slide_in
com.sleep.R$anim: int design_bottom_sheet_slide_out
com.sleep.R$anim: int design_fab_in
com.sleep.R$anim: int design_fab_out
com.sleep.R$anim: int design_snackbar_in
com.sleep.R$anim: int design_snackbar_out
com.sleep.R$animator
com.sleep.R$animator: int design_appbar_state_list_animator
com.sleep.R$attr
com.sleep.R$attr: int actionBarDivider
com.sleep.R$attr: int actionBarItemBackground
com.sleep.R$attr: int actionBarPopupTheme
com.sleep.R$attr: int actionBarSize
com.sleep.R$attr: int actionBarSplitStyle
com.sleep.R$attr: int actionBarStyle
com.sleep.R$attr: int actionBarTabBarStyle
com.sleep.R$attr: int actionBarTabStyle
com.sleep.R$attr: int actionBarTabTextStyle
com.sleep.R$attr: int actionBarTheme
com.sleep.R$attr: int actionBarWidgetTheme
com.sleep.R$attr: int actionButtonStyle
com.sleep.R$attr: int actionDropDownStyle
com.sleep.R$attr: int actionLayout
com.sleep.R$attr: int actionMenuTextAppearance
com.sleep.R$attr: int actionMenuTextColor
com.sleep.R$attr: int actionModeBackground
com.sleep.R$attr: int actionModeCloseButtonStyle
com.sleep.R$attr: int actionModeCloseDrawable
com.sleep.R$attr: int actionModeCopyDrawable
com.sleep.R$attr: int actionModeCutDrawable
com.sleep.R$attr: int actionModeFindDrawable
com.sleep.R$attr: int actionModePasteDrawable
com.sleep.R$attr: int actionModePopupWindowStyle
com.sleep.R$attr: int actionModeSelectAllDrawable
com.sleep.R$attr: int actionModeShareDrawable
com.sleep.R$attr: int actionModeSplitBackground
com.sleep.R$attr: int actionModeStyle
com.sleep.R$attr: int actionModeWebSearchDrawable
com.sleep.R$attr: int actionOverflowButtonStyle
com.sleep.R$attr: int actionOverflowMenuStyle
com.sleep.R$attr: int actionProviderClass
com.sleep.R$attr: int actionViewClass
com.sleep.R$attr: int activityChooserViewStyle
com.sleep.R$bool
com.sleep.R$bool: int abc_action_bar_embed_tabs
com.sleep.R$bool: int abc_allow_stacked_button_bar
com.sleep.R$bool: int abc_config_actionMenuItemAllCaps
com.sleep.R$bool: int abc_config_closeDialogWhenTouchOutside
com.sleep.R$bool: int abc_config_showMenuShortcutsWhenKeyboardPresent
...
android.support.v4.media.session.MediaSessionCompat$ResultReceiverWrapper: android.os.Parcelable$Creator CREATOR
android.support.v4.media.session.MediaSessionCompat$SessionFlags
android.support.v4.media.session.MediaSessionCompat$Token: android.os.Parcelable$Creator CREATOR
android.support.v4.media.session.ParcelableVolumeInfo: android.os.Parcelable$Creator CREATOR
android.support.v4.media.session.PlaybackStateCompat: android.os.Parcelable$Creator CREATOR
android.support.v4.media.session.PlaybackStateCompat$Actions
android.support.v4.media.session.PlaybackStateCompat$CustomAction: android.os.Parcelable$Creator CREATOR
android.support.v4.media.session.PlaybackStateCompat$MediaKeyAction
android.support.v4.media.session.PlaybackStateCompat$State
android.support.v4.net.ConnectivityManagerCompat$RestrictBackgroundStatus
android.support.v4.os.OperationCanceledException
android.support.v4.os.ResultReceiver: android.os.Parcelable$Creator CREATOR
android.support.v4.text.util.LinkifyCompat$LinkifyMask
android.support.v4.view.AbsSavedState: android.os.Parcelable$Creator CREATOR
android.support.v4.view.PagerTabStrip: PagerTabStrip(android.content.Context)
android.support.v4.view.PagerTabStrip: PagerTabStrip(android.content.Context,android.util.AttributeSet)
android.support.v4.view.PagerTabStrip: void setTabIndicatorColor(int)
android.support.v4.view.PagerTabStrip: void setTabIndicatorColorResource(int)
android.support.v4.view.PagerTabStrip: int getTabIndicatorColor()
android.support.v4.view.PagerTabStrip: void setTextSpacing(int)
android.support.v4.view.PagerTabStrip: void setBackgroundDrawable(android.graphics.drawable.Drawable)
android.support.v4.view.PagerTabStrip: void setBackgroundColor(int)
android.support.v4.view.PagerTabStrip: void setBackgroundResource(int)
android.support.v4.view.PagerTabStrip: void setDrawFullUnderline(boolean)
android.support.v4.view.PagerTabStrip: boolean getDrawFullUnderline()
android.support.v4.view.PagerTabStrip: int getMinHeight()
android.support.v4.view.PagerTitleStrip: void setSingleLineAllCaps(android.widget.TextView)
android.support.v4.view.PagerTitleStrip: PagerTitleStrip(android.content.Context)
android.support.v4.view.PagerTitleStrip: PagerTitleStrip(android.content.Context,android.util.AttributeSet)
android.support.v4.view.PagerTitleStrip: void setTextSpacing(int)
android.support.v4.view.PagerTitleStrip: int getTextSpacing()
android.support.v4.view.PagerTitleStrip: void setNonPrimaryAlpha(float)
android.support.v4.view.PagerTitleStrip: void setTextColor(int)
android.support.v4.view.PagerTitleStrip: void setGravity(int)
android.support.v4.view.PagerTitleStrip: int getMinHeight()
android.support.v4.view.ViewCompat$FocusDirection
android.support.v4.view.ViewCompat$FocusRealDirection
android.support.v4.view.ViewCompat$FocusRelativeDirection
android.support.v4.view.ViewCompat$ScrollIndicators