app/build/outputs/mapping/debug/mapping.txt
com.sleep.App -> com.sleep.App:
    java.lang.String versionName -> a
    java.lang.Integer versionCode -> b
    18:18:java.lang.String getVersionName() -> a
    22:36:void onCreate() -> onCreate
    39:58:void initHotfix() -> b
    61:73:android.content.pm.PackageInfo getPackageInfo(android.content.Context) -> a
    16:19:void <init>() -> <init>
com.sleep.App$initHotfix$1 -> com.sleep.App$a:
    com.sleep.App this$0 -> a
    47:56:void onload(int,int,java.lang.String,int) -> a
    void <init>(com.sleep.App) -> <init>
com.sleep.R -> com.sleep.R:
com.sleep.R$anim -> com.sleep.R$anim:
    int abc_fade_in -> abc_fade_in
    int abc_fade_out -> abc_fade_out
    int abc_grow_fade_in_from_bottom -> abc_grow_fade_in_from_bottom
    int abc_popup_enter -> abc_popup_enter
    int abc_popup_exit -> abc_popup_exit
    int abc_shrink_fade_out_from_bottom -> abc_shrink_fade_out_from_bottom
    int abc_slide_in_bottom -> abc_slide_in_bottom
    int abc_slide_in_top -> abc_slide_in_top
    int abc_slide_out_bottom -> abc_slide_out_bottom
    int abc_slide_out_top -> abc_slide_out_top
    int design_bottom_sheet_slide_in -> design_bottom_sheet_slide_in
    int design_bottom_sheet_slide_out -> design_bottom_sheet_slide_out
    int design_fab_in -> design_fab_in
    int design_fab_out -> design_fab_out
    int design_snackbar_in -> design_snackbar_in
    int design_snackbar_out -> design_snackbar_out
    11:11:void <init>() -> <init>
com.sleep.R$animator -> com.sleep.R$animator:
    int design_appbar_state_list_animator -> design_appbar_state_list_animator
    29:29:void <init>() -> <init>
com.sleep.R$attr -> com.sleep.R$attr:
    int actionBarDivider -> actionBarDivider
    int actionBarItemBackground -> actionBarItemBackground
    int actionBarPopupTheme -> actionBarPopupTheme
    int actionBarSize -> actionBarSize
    int actionBarSplitStyle -> actionBarSplitStyle
    int actionBarStyle -> actionBarStyle
    int actionBarTabBarStyle -> actionBarTabBarStyle
    int actionBarTabStyle -> actionBarTabStyle
    int actionBarTabTextStyle -> actionBarTabTextStyle
    int actionBarTheme -> actionBarTheme
    int actionBarWidgetTheme -> actionBarWidgetTheme
    int actionButtonStyle -> actionButtonStyle
    int actionDropDownStyle -> actionDropDownStyle
    int actionLayout -> actionLayout
    int actionMenuTextAppearance -> actionMenuTextAppearance
    int actionMenuTextColor -> actionMenuTextColor
    int actionModeBackground -> actionModeBackground
    int actionModeCloseButtonStyle -> actionModeCloseButtonStyle
    int actionModeCloseDrawable -> actionModeCloseDrawable
    int actionModeCopyDrawable -> actionModeCopyDrawable
    int actionModeCutDrawable -> actionModeCutDrawable
    int actionModeFindDrawable -> actionModeFindDrawable
    int actionModePasteDrawable -> actionModePasteDrawable
    int actionModePopupWindowStyle -> actionModePopupWindowStyle
    int actionModeSelectAllDrawable -> actionModeSelectAllDrawable
    int actionModeShareDrawable -> actionModeShareDrawable
    int actionModeSplitBackground -> actionModeSplitBackground
com.sleep.R$bool -> com.sleep.R$bool:
    int abc_action_bar_embed_tabs -> abc_action_bar_embed_tabs
    int abc_allow_stacked_button_bar -> abc_allow_stacked_button_bar
    int abc_config_actionMenuItemAllCaps -> abc_config_actionMenuItemAllCaps
    int abc_config_closeDialogWhenTouchOutside -> abc_config_closeDialogWhenTouchOutside
    int abc_config_showMenuShortcutsWhenKeyboardPresent -> abc_config_showMenuShortcutsWhenKeyboardPresent
    2301:2301:void <init>() -> <init>
...
com.bumptech.glide.load.resource.file.FileToStreamDecoder$FileOpener -> com.bumptech.glide.load.resource.b.c$a:
    58:58:void <init>() -> <init>
    60:60:java.io.InputStream open(java.io.File) -> a
com.bumptech.glide.load.resource.file.StreamFileDataLoadProvider -> com.bumptech.glide.load.resource.b.d:
    com.bumptech.glide.load.resource.file.StreamFileDataLoadProvider$ErrorSourceDecoder ERROR_DECODER -> a
    com.bumptech.glide.load.ResourceDecoder cacheDecoder -> b
    com.bumptech.glide.load.Encoder encoder -> c
    24:27:void <init>() -> <init>
    31:31:com.bumptech.glide.load.ResourceDecoder getCacheDecoder() -> a
    36:36:com.bumptech.glide.load.ResourceDecoder getSourceDecoder() -> b
    41:41:com.bumptech.glide.load.Encoder getSourceEncoder() -> c
    46:46:com.bumptech.glide.load.ResourceEncoder getEncoder() -> d
    19:19:void <clinit>() -> <clinit>
com.bumptech.glide.load.resource.file.StreamFileDataLoadProvider$1 -> com.bumptech.glide.load.resource.b.d$1:
com.bumptech.glide.load.resource.file.StreamFileDataLoadProvider$ErrorSourceDecoder -> com.bumptech.glide.load.resource.b.d$a:
    49:49:void <init>() -> <init>
    52:52:com.bumptech.glide.load.engine.Resource decode(java.io.InputStream,int,int) -> a
    59:59:java.lang.String getId() -> a
    49:49:com.bumptech.glide.load.engine.Resource decode(java.lang.Object,int,int) -> a
    49:49:void <init>(com.bumptech.glide.load.resource.file.StreamFileDataLoadProvider$1) -> <init>
com.bumptech.glide.load.resource.gif.GifBitmapProvider -> com.bumptech.glide.load.resource.c.a:
    com.bumptech.glide.load.engine.bitmap_recycle.BitmapPool bitmapPool -> a
    12:14:void <init>(com.bumptech.glide.load.engine.bitmap_recycle.BitmapPool) -> <init>
    18:18:android.graphics.Bitmap obtain(int,int,android.graphics.Bitmap$Config) -> a
    23:26:void release(android.graphics.Bitmap) -> a
com.bumptech.glide.load.resource.gif.GifDrawable -> com.bumptech.glide.load.resource.c.b:
    android.graphics.Paint paint -> a
    android.graphics.Rect destRect -> b
    com.bumptech.glide.load.resource.gif.GifDrawable$GifState state -> c
    com.bumptech.glide.gifdecoder.GifDecoder decoder -> d
    com.bumptech.glide.load.resource.gif.GifFrameLoader frameLoader -> e
    boolean isRunning -> f
    boolean isStarted -> g
    boolean isRecycled -> h
    boolean isVisible -> i
    int loopCount -> j
    int maxLoopCount -> k
    boolean applyGravity -> l
    73:75:void <init>(android.content.Context,com.bumptech.glide.gifdecoder.GifDecoder$BitmapProvider,com.bumptech.glide.load.engine.bitmap_recycle.BitmapPool,com.bumptech.glide.load.Transformation,int,int,com.bumptech.glide.gifdecoder.GifHeader,byte[],android.graphics.Bitmap) -> <init>
    79:82:void <init>(com.bumptech.glide.load.resource.gif.GifDrawable,android.graphics.Bitmap,com.bumptech.glide.load.Transformation) -> <init>
    27:95:void <init>(com.bumptech.glide.load.resource.gif.GifDrawable$GifState) -> <init>
    108:108:android.graphics.Bitmap getFirstFrame() -> a
    128:128:com.bumptech.glide.load.Transformation getFrameTransformation() -> b
    132:132:byte[] getData() -> c
    136:136:int getFrameCount() -> d
    140:141:void resetLoopCount() -> f
    145:150:void start() -> start
    154:164:void stop() -> stop
    170:172:void reset() -> g
    176:183:void startRunning() -> h