app/build/outputs/mapping/debug/usage.txt
com.sleep.App:
    18:18:public final void setVersionName(java.lang.String)
    19:19:public final java.lang.Integer getVersionCode()
    19:19:public final void setVersionCode(java.lang.Integer)
com.sleep.BR
com.sleep.BuildConfig
com.sleep.R:
    10:10:public R()
com.sleep.adapter.ViewPagerAdapter:
    10:10:public final java.util.List getList()
com.sleep.bean.Sleep
com.sleep.constants.API
com.sleep.databinding.ActivityAboutBinding:
    64:75:public boolean setVariable(int,java.lang.Object)
    87:87:public java.lang.String getVersion()
    98:98:public java.lang.String getDesc()
    109:109:public java.lang.String getWarning()
    114:116:protected boolean onFieldChange(int,java.lang.Object,int)
    159:159:public static com.sleep.databinding.ActivityAboutBinding inflate(android.view.LayoutInflater,android.view.ViewGroup,boolean)
    162:162:public static com.sleep.databinding.ActivityAboutBinding inflate(android.view.LayoutInflater,android.view.ViewGroup,boolean,android.databinding.DataBindingComponent)
    165:165:public static com.sleep.databinding.ActivityAboutBinding inflate(android.view.LayoutInflater)
    168:168:public static com.sleep.databinding.ActivityAboutBinding inflate(android.view.LayoutInflater,android.databinding.DataBindingComponent)
    171:171:public static com.sleep.databinding.ActivityAboutBinding bind(android.view.View)
com.sleep.databinding.ActivityMainBinding:
    61:65:public boolean setVariable(int,java.lang.Object)
    70:70:public void setProgress(java.lang.Integer)
    72:72:public java.lang.Integer getProgress()
    77:79:protected boolean onFieldChange(int,java.lang.Object,int)
    97:97:public static com.sleep.databinding.ActivityMainBinding inflate(android.view.LayoutInflater,android.view.ViewGroup,boolean)
    100:100:public static com.sleep.databinding.ActivityMainBinding inflate(android.view.LayoutInflater,android.view.ViewGroup,boolean,android.databinding.DataBindingComponent)
    103:103:public static com.sleep.databinding.ActivityMainBinding inflate(android.view.LayoutInflater)
    106:106:public static com.sleep.databinding.ActivityMainBinding inflate(android.view.LayoutInflater,android.databinding.DataBindingComponent)
    109:109:public static com.sleep.databinding.ActivityMainBinding bind(android.view.View)
com.sleep.databinding.FragmentAddBinding:
    52:54:public boolean setVariable(int,java.lang.Object)
    59:61:protected boolean onFieldChange(int,java.lang.Object,int)
    79:79:public static com.sleep.databinding.FragmentAddBinding inflate(android.view.LayoutInflater,android.view.ViewGroup,boolean)
    82:82:public static com.sleep.databinding.FragmentAddBinding inflate(android.view.LayoutInflater,android.view.ViewGroup,boolean,android.databinding.DataBindingComponent)
    85:85:public static com.sleep.databinding.FragmentAddBinding inflate(android.view.LayoutInflater)
    88:88:public static com.sleep.databinding.FragmentAddBinding inflate(android.view.LayoutInflater,android.databinding.DataBindingComponent)
    91:91:public static com.sleep.databinding.FragmentAddBinding bind(android.view.View)
com.sleep.databinding.FragmentMainBinding:
    52:54:public boolean setVariable(int,java.lang.Object)
    59:61:protected boolean onFieldChange(int,java.lang.Object,int)
    79:79:public static com.sleep.databinding.FragmentMainBinding inflate(android.view.LayoutInflater,android.view.ViewGroup,boolean)
    82:82:public static com.sleep.databinding.FragmentMainBinding inflate(android.view.LayoutInflater,android.view.ViewGroup,boolean,android.databinding.DataBindingComponent)
    85:85:public static com.sleep.databinding.FragmentMainBinding inflate(android.view.LayoutInflater)
    88:88:public static com.sleep.databinding.FragmentMainBinding inflate(android.view.LayoutInflater,android.databinding.DataBindingComponent)
    91:91:public static com.sleep.databinding.FragmentMainBinding bind(android.view.View)
...
android.support.v4.print.PrintHelperKitkat$3
android.support.v4.print.PrintHelperKitkat$3$1
android.support.v4.print.PrintHelperKitkat$3$1$1
android.support.v4.print.PrintHelperKitkat$OnPrintFinishCallback
android.support.v4.provider.DocumentFile
android.support.v4.provider.DocumentsContractApi19
android.support.v4.provider.DocumentsContractApi21
android.support.v4.provider.RawDocumentFile
android.support.v4.provider.SingleDocumentFile
android.support.v4.provider.TreeDocumentFile
android.support.v4.text.BidiFormatter
android.support.v4.text.BidiFormatter$1
android.support.v4.text.BidiFormatter$Builder
android.support.v4.text.BidiFormatter$DirectionalityEstimator
android.support.v4.text.ICUCompat
android.support.v4.text.ICUCompat$ICUCompatImpl
android.support.v4.text.ICUCompat$ICUCompatImplBase
android.support.v4.text.ICUCompat$ICUCompatImplIcs
android.support.v4.text.ICUCompat$ICUCompatImplLollipop
android.support.v4.text.ICUCompatApi23
android.support.v4.text.ICUCompatIcs
android.support.v4.text.TextDirectionHeuristicCompat
android.support.v4.text.TextDirectionHeuristicsCompat
android.support.v4.text.TextDirectionHeuristicsCompat$AnyStrong
android.support.v4.text.TextDirectionHeuristicsCompat$FirstStrong
android.support.v4.text.TextDirectionHeuristicsCompat$TextDirectionAlgorithm
android.support.v4.text.TextDirectionHeuristicsCompat$TextDirectionHeuristicImpl
android.support.v4.text.TextDirectionHeuristicsCompat$TextDirectionHeuristicInternal
android.support.v4.text.TextDirectionHeuristicsCompat$TextDirectionHeuristicLocale
android.support.v4.text.TextUtilsCompat
android.support.v4.text.TextUtilsCompat$TextUtilsCompatImpl
android.support.v4.text.TextUtilsCompat$TextUtilsCompatJellybeanMr1Impl
android.support.v4.text.TextUtilsCompatJellybeanMr1
android.support.v4.text.util.LinkifyCompat:
    94:140:public static final boolean addLinks(android.text.Spannable,int)
    155:178:public static final boolean addLinks(android.widget.TextView,int)
    195:196:public static final void addLinks(android.widget.TextView,java.util.regex.Pattern,java.lang.String)
    215:216:public static final void addLinks(android.widget.TextView,java.util.regex.Pattern,java.lang.String,android.text.util.Linkify$MatchFilter,android.text.util.Linkify$TransformFilter)
    238:246:public static final void addLinks(android.widget.TextView,java.util.regex.Pattern,java.lang.String,java.lang.String[],android.text.util.Linkify$MatchFilter,android.text.util.Linkify$TransformFilter)
    259:259:public static final boolean addLinks(android.text.Spannable,java.util.regex.Pattern,java.lang.String)
    280:280:public static final boolean addLinks(android.text.Spannable,java.util.regex.Pattern,java.lang.String,android.text.util.Linkify$MatchFilter,android.text.util.Linkify$TransformFilter)
    304:336:public static final boolean addLinks(android.text.Spannable,java.util.regex.Pattern,java.lang.String,java.lang.String[],android.text.util.Linkify$MatchFilter,android.text.util.Linkify$TransformFilter)
    340:347:private static void addLinkMovementMethod(android.widget.TextView)
    351:374:private static java.lang.String makeUrl(java.lang.String,java.lang.String[],java.util.regex.Matcher,android.text.util.Linkify$TransformFilter)
android.support.v4.text.util.LinkifyCompat$LinkSpec:
    android.text.style.URLSpan frameworkAddedSpan
    java.lang.String url
android.support.v4.util.ArrayMap:
    68:69:public ArrayMap(android.support.v4.util.SimpleArrayMap)
    130:130:public boolean containsAll(java.util.Collection)
    151:151:public boolean removeAll(java.util.Collection)
android.support.v4.util.ArraySet
android.support.v4.util.ArraySet$1
android.support.v4.util.AtomicFile
android.support.v4.util.CircularArray
android.support.v4.util.CircularIntArray
android.support.v4.util.ContainerHelpers:
    19:19:ContainerHelpers()
android.support.v4.util.DebugUtils:
    30:30:public DebugUtils()